<?xml version="1.0" encoding="UTF-8"?>
<testsuite name="Test_A" tests="1" skipped="0" failures="0" errors="0" timestamp="2021-02-04T10:45:43" hostname="DESKTOP-AAIGE66" time="0.035">
  <properties/>
  <testcase name="test()" classname="Test_A" time="0.035"/>
  <system-out><![CDATA[]]></system-out>
  <system-err><![CDATA[]]></system-err>
</testsuite>
